13:23:25.762 [main] INFO  org.testng.internal.Utils - [TestNG] Running:
  C:\Users\shamb\eclipse-workspace\opencart_testng_1002\master.xml

 13:23:29.579 [main] DEBUG org.apache.poi.openxml4j.opc.PackageRelationshipCollection - Parsing relationship: /xl/_rels/workbook.xml.rels
 13:23:29.582 [main] DEBUG org.apache.poi.openxml4j.opc.PackageRelationshipCollection - Parsing relationship: /xl/worksheets/_rels/sheet1.xml.rels
 13:23:29.585 [main] DEBUG org.apache.poi.openxml4j.opc.PackageRelationshipCollection - Parsing relationship: /_rels/.rels
 13:23:30.262 [main] DEBUG org.apache.poi.openxml4j.opc.PackageRelationshipCollection - Parsing relationship: /xl/_rels/workbook.xml.rels
 13:23:30.264 [main] DEBUG org.apache.poi.openxml4j.opc.PackageRelationshipCollection - Parsing relationship: /xl/worksheets/_rels/sheet1.xml.rels
 13:23:30.267 [main] DEBUG org.apache.poi.openxml4j.opc.PackageRelationshipCollection - Parsing relationship: /_rels/.rels
 13:23:30.332 [main] DEBUG org.apache.poi.openxml4j.opc.PackageRelationshipCollection - Parsing relationship: /xl/_rels/workbook.xml.rels
 13:23:30.336 [main] DEBUG org.apache.poi.openxml4j.opc.PackageRelationshipCollection - Parsing relationship: /xl/worksheets/_rels/sheet1.xml.rels
 13:23:30.339 [main] DEBUG org.apache.poi.openxml4j.opc.PackageRelationshipCollection - Parsing relationship: /_rels/.rels
 13:23:30.379 [main] DEBUG org.apache.poi.openxml4j.opc.PackageRelationshipCollection - Parsing relationship: /xl/_rels/workbook.xml.rels
 13:23:30.380 [main] DEBUG org.apache.poi.openxml4j.opc.PackageRelationshipCollection - Parsing relationship: /xl/worksheets/_rels/sheet1.xml.rels
 13:23:30.381 [main] DEBUG org.apache.poi.openxml4j.opc.PackageRelationshipCollection - Parsing relationship: /_rels/.rels
 13:23:30.410 [main] DEBUG org.apache.poi.openxml4j.opc.PackageRelationshipCollection - Parsing relationship: /xl/_rels/workbook.xml.rels
 13:23:30.412 [main] DEBUG org.apache.poi.openxml4j.opc.PackageRelationshipCollection - Parsing relationship: /xl/worksheets/_rels/sheet1.xml.rels
 13:23:30.413 [main] DEBUG org.apache.poi.openxml4j.opc.PackageRelationshipCollection - Parsing relationship: /_rels/.rels
 13:23:30.446 [main] DEBUG org.apache.poi.openxml4j.opc.PackageRelationshipCollection - Parsing relationship: /xl/_rels/workbook.xml.rels
 13:23:30.447 [main] DEBUG org.apache.poi.openxml4j.opc.PackageRelationshipCollection - Parsing relationship: /xl/worksheets/_rels/sheet1.xml.rels
 13:23:30.449 [main] DEBUG org.apache.poi.openxml4j.opc.PackageRelationshipCollection - Parsing relationship: /_rels/.rels
 13:23:30.478 [main] DEBUG org.apache.poi.openxml4j.opc.PackageRelationshipCollection - Parsing relationship: /xl/_rels/workbook.xml.rels
 13:23:30.481 [main] DEBUG org.apache.poi.openxml4j.opc.PackageRelationshipCollection - Parsing relationship: /xl/worksheets/_rels/sheet1.xml.rels
 13:23:30.483 [main] DEBUG org.apache.poi.openxml4j.opc.PackageRelationshipCollection - Parsing relationship: /_rels/.rels
 13:23:30.515 [main] DEBUG org.apache.poi.openxml4j.opc.PackageRelationshipCollection - Parsing relationship: /xl/_rels/workbook.xml.rels
 13:23:30.518 [main] DEBUG org.apache.poi.openxml4j.opc.PackageRelationshipCollection - Parsing relationship: /xl/worksheets/_rels/sheet1.xml.rels
 13:23:30.520 [main] DEBUG org.apache.poi.openxml4j.opc.PackageRelationshipCollection - Parsing relationship: /_rels/.rels
 13:23:30.548 [main] DEBUG org.apache.poi.openxml4j.opc.PackageRelationshipCollection - Parsing relationship: /xl/_rels/workbook.xml.rels
 13:23:30.549 [main] DEBUG org.apache.poi.openxml4j.opc.PackageRelationshipCollection - Parsing relationship: /xl/worksheets/_rels/sheet1.xml.rels
 13:23:30.551 [main] DEBUG org.apache.poi.openxml4j.opc.PackageRelationshipCollection - Parsing relationship: /_rels/.rels
 13:23:30.575 [main] DEBUG org.apache.poi.openxml4j.opc.PackageRelationshipCollection - Parsing relationship: /xl/_rels/workbook.xml.rels
 13:23:30.576 [main] DEBUG org.apache.poi.openxml4j.opc.PackageRelationshipCollection - Parsing relationship: /xl/worksheets/_rels/sheet1.xml.rels
 13:23:30.577 [main] DEBUG org.apache.poi.openxml4j.opc.PackageRelationshipCollection - Parsing relationship: /_rels/.rels
 13:23:30.598 [main] DEBUG org.apache.poi.openxml4j.opc.PackageRelationshipCollection - Parsing relationship: /xl/_rels/workbook.xml.rels
 13:23:30.600 [main] DEBUG org.apache.poi.openxml4j.opc.PackageRelationshipCollection - Parsing relationship: /xl/worksheets/_rels/sheet1.xml.rels
 13:23:30.601 [main] DEBUG org.apache.poi.openxml4j.opc.PackageRelationshipCollection - Parsing relationship: /_rels/.rels
 13:23:30.622 [main] DEBUG org.apache.poi.openxml4j.opc.PackageRelationshipCollection - Parsing relationship: /xl/_rels/workbook.xml.rels
 13:23:30.623 [main] DEBUG org.apache.poi.openxml4j.opc.PackageRelationshipCollection - Parsing relationship: /xl/worksheets/_rels/sheet1.xml.rels
 13:23:30.624 [main] DEBUG org.apache.poi.openxml4j.opc.PackageRelationshipCollection - Parsing relationship: /_rels/.rels
 13:23:30.645 [main] DEBUG org.apache.poi.openxml4j.opc.PackageRelationshipCollection - Parsing relationship: /xl/_rels/workbook.xml.rels
 13:23:30.646 [main] DEBUG org.apache.poi.openxml4j.opc.PackageRelationshipCollection - Parsing relationship: /xl/worksheets/_rels/sheet1.xml.rels
 13:23:30.647 [main] DEBUG org.apache.poi.openxml4j.opc.PackageRelationshipCollection - Parsing relationship: /_rels/.rels
 13:23:30.675 [main] DEBUG org.apache.poi.openxml4j.opc.PackageRelationshipCollection - Parsing relationship: /xl/_rels/workbook.xml.rels
 13:23:30.677 [main] DEBUG org.apache.poi.openxml4j.opc.PackageRelationshipCollection - Parsing relationship: /xl/worksheets/_rels/sheet1.xml.rels
 13:23:30.678 [main] DEBUG org.apache.poi.openxml4j.opc.PackageRelationshipCollection - Parsing relationship: /_rels/.rels
 13:23:30.704 [main] DEBUG org.apache.poi.openxml4j.opc.PackageRelationshipCollection - Parsing relationship: /xl/_rels/workbook.xml.rels
 13:23:30.705 [main] DEBUG org.apache.poi.openxml4j.opc.PackageRelationshipCollection - Parsing relationship: /xl/worksheets/_rels/sheet1.xml.rels
 13:23:30.706 [main] DEBUG org.apache.poi.openxml4j.opc.PackageRelationshipCollection - Parsing relationship: /_rels/.rels
 13:23:30.726 [main] DEBUG org.apache.poi.openxml4j.opc.PackageRelationshipCollection - Parsing relationship: /xl/_rels/workbook.xml.rels
 13:23:30.727 [main] DEBUG org.apache.poi.openxml4j.opc.PackageRelationshipCollection - Parsing relationship: /xl/worksheets/_rels/sheet1.xml.rels
 13:23:30.728 [main] DEBUG org.apache.poi.openxml4j.opc.PackageRelationshipCollection - Parsing relationship: /_rels/.rels
 13:23:30.750 [main] DEBUG org.apache.poi.openxml4j.opc.PackageRelationshipCollection - Parsing relationship: /xl/_rels/workbook.xml.rels
 13:23:30.751 [main] DEBUG org.apache.poi.openxml4j.opc.PackageRelationshipCollection - Parsing relationship: /xl/worksheets/_rels/sheet1.xml.rels
 13:23:30.752 [main] DEBUG org.apache.poi.openxml4j.opc.PackageRelationshipCollection - Parsing relationship: /_rels/.rels
 13:23:30.796 [main] INFO  testCases.TC003_LoginDDT - ***** Starting TC003_LoginDDT *****
 13:23:41.692 [main] INFO  testCases.TC003_LoginDDT - ***** Starting TC003_LoginDDT *****
 13:23:52.308 [main] INFO  testCases.TC003_LoginDDT - ***** Finished TC003_LoginDDT *****
 13:23:52.308 [main] INFO  testCases.TC003_LoginDDT - ***** Starting TC003_LoginDDT *****
 13:24:02.928 [main] INFO  testCases.TC003_LoginDDT - ***** Finished TC003_LoginDDT *****
 13:24:02.940 [main] INFO  testCases.TC003_LoginDDT - ***** Starting TC003_LoginDDT *****
 13:24:13.507 [main] INFO  testCases.TC003_LoginDDT - ***** Finished TC003_LoginDDT *****
 13:24:13.522 [main] INFO  testCases.TC003_LoginDDT - ***** Starting TC003_LoginDDT *****
 13:24:24.025 [main] INFO  testCases.TC003_LoginDDT - ***** Finished TC003_LoginDDT *****
 13:26:26.939 [main] DEBUG org.testng.TestNG - suiteXmlPath: "C:\Users\shamb\eclipse-workspace\opencart_testng_1002\master.xml"
 13:27:30.376 [main] DEBUG org.testng.TestNG - suiteXmlPath: "C:\Users\shamb\eclipse-workspace\opencart_testng_1002\master.xml"
 13:27:30.636 [main] INFO  org.testng.internal.Utils - [TestNG] Running:
  C:\Users\shamb\eclipse-workspace\opencart_testng_1002\master.xml

 13:27:34.644 [main] DEBUG org.apache.poi.openxml4j.opc.PackageRelationshipCollection - Parsing relationship: /xl/_rels/workbook.xml.rels
 13:27:34.649 [main] DEBUG org.apache.poi.openxml4j.opc.PackageRelationshipCollection - Parsing relationship: /xl/worksheets/_rels/sheet1.xml.rels
 13:27:34.652 [main] DEBUG org.apache.poi.openxml4j.opc.PackageRelationshipCollection - Parsing relationship: /_rels/.rels
 13:27:35.385 [main] DEBUG org.apache.poi.openxml4j.opc.PackageRelationshipCollection - Parsing relationship: /xl/_rels/workbook.xml.rels
 13:27:35.389 [main] DEBUG org.apache.poi.openxml4j.opc.PackageRelationshipCollection - Parsing relationship: /xl/worksheets/_rels/sheet1.xml.rels
 13:27:35.394 [main] DEBUG org.apache.poi.openxml4j.opc.PackageRelationshipCollection - Parsing relationship: /_rels/.rels
 13:27:35.447 [main] DEBUG org.apache.poi.openxml4j.opc.PackageRelationshipCollection - Parsing relationship: /xl/_rels/workbook.xml.rels
 13:27:35.451 [main] DEBUG org.apache.poi.openxml4j.opc.PackageRelationshipCollection - Parsing relationship: /xl/worksheets/_rels/sheet1.xml.rels
 13:27:35.452 [main] DEBUG org.apache.poi.openxml4j.opc.PackageRelationshipCollection - Parsing relationship: /_rels/.rels
 13:27:35.498 [main] DEBUG org.apache.poi.openxml4j.opc.PackageRelationshipCollection - Parsing relationship: /xl/_rels/workbook.xml.rels
 13:27:35.499 [main] DEBUG org.apache.poi.openxml4j.opc.PackageRelationshipCollection - Parsing relationship: /xl/worksheets/_rels/sheet1.xml.rels
 13:27:35.501 [main] DEBUG org.apache.poi.openxml4j.opc.PackageRelationshipCollection - Parsing relationship: /_rels/.rels
 13:27:35.532 [main] DEBUG org.apache.poi.openxml4j.opc.PackageRelationshipCollection - Parsing relationship: /xl/_rels/workbook.xml.rels
 13:27:35.534 [main] DEBUG org.apache.poi.openxml4j.opc.PackageRelationshipCollection - Parsing relationship: /xl/worksheets/_rels/sheet1.xml.rels
 13:27:35.535 [main] DEBUG org.apache.poi.openxml4j.opc.PackageRelationshipCollection - Parsing relationship: /_rels/.rels
 13:27:35.562 [main] DEBUG org.apache.poi.openxml4j.opc.PackageRelationshipCollection - Parsing relationship: /xl/_rels/workbook.xml.rels
 13:27:35.564 [main] DEBUG org.apache.poi.openxml4j.opc.PackageRelationshipCollection - Parsing relationship: /xl/worksheets/_rels/sheet1.xml.rels
 13:27:35.565 [main] DEBUG org.apache.poi.openxml4j.opc.PackageRelationshipCollection - Parsing relationship: /_rels/.rels
 13:27:35.593 [main] DEBUG org.apache.poi.openxml4j.opc.PackageRelationshipCollection - Parsing relationship: /xl/_rels/workbook.xml.rels
 13:27:35.594 [main] DEBUG org.apache.poi.openxml4j.opc.PackageRelationshipCollection - Parsing relationship: /xl/worksheets/_rels/sheet1.xml.rels
 13:27:35.595 [main] DEBUG org.apache.poi.openxml4j.opc.PackageRelationshipCollection - Parsing relationship: /_rels/.rels
 13:27:35.616 [main] DEBUG org.apache.poi.openxml4j.opc.PackageRelationshipCollection - Parsing relationship: /xl/_rels/workbook.xml.rels
 13:27:35.617 [main] DEBUG org.apache.poi.openxml4j.opc.PackageRelationshipCollection - Parsing relationship: /xl/worksheets/_rels/sheet1.xml.rels
 13:27:35.618 [main] DEBUG org.apache.poi.openxml4j.opc.PackageRelationshipCollection - Parsing relationship: /_rels/.rels
 13:27:35.649 [main] DEBUG org.apache.poi.openxml4j.opc.PackageRelationshipCollection - Parsing relationship: /xl/_rels/workbook.xml.rels
 13:27:35.649 [main] DEBUG org.apache.poi.openxml4j.opc.PackageRelationshipCollection - Parsing relationship: /xl/worksheets/_rels/sheet1.xml.rels
 13:27:35.650 [main] DEBUG org.apache.poi.openxml4j.opc.PackageRelationshipCollection - Parsing relationship: /_rels/.rels
 13:27:35.678 [main] DEBUG org.apache.poi.openxml4j.opc.PackageRelationshipCollection - Parsing relationship: /xl/_rels/workbook.xml.rels
 13:27:35.679 [main] DEBUG org.apache.poi.openxml4j.opc.PackageRelationshipCollection - Parsing relationship: /xl/worksheets/_rels/sheet1.xml.rels
 13:27:35.680 [main] DEBUG org.apache.poi.openxml4j.opc.PackageRelationshipCollection - Parsing relationship: /_rels/.rels
 13:27:35.703 [main] DEBUG org.apache.poi.openxml4j.opc.PackageRelationshipCollection - Parsing relationship: /xl/_rels/workbook.xml.rels
 13:27:35.706 [main] DEBUG org.apache.poi.openxml4j.opc.PackageRelationshipCollection - Parsing relationship: /xl/worksheets/_rels/sheet1.xml.rels
 13:27:35.707 [main] DEBUG org.apache.poi.openxml4j.opc.PackageRelationshipCollection - Parsing relationship: /_rels/.rels
 13:27:35.728 [main] DEBUG org.apache.poi.openxml4j.opc.PackageRelationshipCollection - Parsing relationship: /xl/_rels/workbook.xml.rels
 13:27:35.729 [main] DEBUG org.apache.poi.openxml4j.opc.PackageRelationshipCollection - Parsing relationship: /xl/worksheets/_rels/sheet1.xml.rels
 13:27:35.730 [main] DEBUG org.apache.poi.openxml4j.opc.PackageRelationshipCollection - Parsing relationship: /_rels/.rels
 13:27:35.749 [main] DEBUG org.apache.poi.openxml4j.opc.PackageRelationshipCollection - Parsing relationship: /xl/_rels/workbook.xml.rels
 13:27:35.750 [main] DEBUG org.apache.poi.openxml4j.opc.PackageRelationshipCollection - Parsing relationship: /xl/worksheets/_rels/sheet1.xml.rels
 13:27:35.750 [main] DEBUG org.apache.poi.openxml4j.opc.PackageRelationshipCollection - Parsing relationship: /_rels/.rels
 13:27:35.771 [main] DEBUG org.apache.poi.openxml4j.opc.PackageRelationshipCollection - Parsing relationship: /xl/_rels/workbook.xml.rels
 13:27:35.772 [main] DEBUG org.apache.poi.openxml4j.opc.PackageRelationshipCollection - Parsing relationship: /xl/worksheets/_rels/sheet1.xml.rels
 13:27:35.773 [main] DEBUG org.apache.poi.openxml4j.opc.PackageRelationshipCollection - Parsing relationship: /_rels/.rels
 13:27:35.793 [main] DEBUG org.apache.poi.openxml4j.opc.PackageRelationshipCollection - Parsing relationship: /xl/_rels/workbook.xml.rels
 13:27:35.794 [main] DEBUG org.apache.poi.openxml4j.opc.PackageRelationshipCollection - Parsing relationship: /xl/worksheets/_rels/sheet1.xml.rels
 13:27:35.795 [main] DEBUG org.apache.poi.openxml4j.opc.PackageRelationshipCollection - Parsing relationship: /_rels/.rels
 13:27:35.817 [main] DEBUG org.apache.poi.openxml4j.opc.PackageRelationshipCollection - Parsing relationship: /xl/_rels/workbook.xml.rels
 13:27:35.818 [main] DEBUG org.apache.poi.openxml4j.opc.PackageRelationshipCollection - Parsing relationship: /xl/worksheets/_rels/sheet1.xml.rels
 13:27:35.819 [main] DEBUG org.apache.poi.openxml4j.opc.PackageRelationshipCollection - Parsing relationship: /_rels/.rels
 13:27:35.842 [main] DEBUG org.apache.poi.openxml4j.opc.PackageRelationshipCollection - Parsing relationship: /xl/_rels/workbook.xml.rels
 13:27:35.843 [main] DEBUG org.apache.poi.openxml4j.opc.PackageRelationshipCollection - Parsing relationship: /xl/worksheets/_rels/sheet1.xml.rels
 13:27:35.845 [main] DEBUG org.apache.poi.openxml4j.opc.PackageRelationshipCollection - Parsing relationship: /_rels/.rels
 13:27:35.885 [main] INFO  testCases.TC003_LoginDDT - ***** Starting TC003_LoginDDT *****
 13:30:07.413 [main] DEBUG org.testng.TestNG - suiteXmlPath: "C:\Users\shamb\eclipse-workspace\opencart_testng_1002\master.xml"
 13:30:07.650 [main] INFO  org.testng.internal.Utils - [TestNG] Running:
  C:\Users\shamb\eclipse-workspace\opencart_testng_1002\master.xml

 13:30:12.128 [main] DEBUG org.apache.poi.openxml4j.opc.PackageRelationshipCollection - Parsing relationship: /xl/_rels/workbook.xml.rels
 13:30:12.140 [main] DEBUG org.apache.poi.openxml4j.opc.PackageRelationshipCollection - Parsing relationship: /xl/worksheets/_rels/sheet1.xml.rels
 13:30:12.147 [main] DEBUG org.apache.poi.openxml4j.opc.PackageRelationshipCollection - Parsing relationship: /_rels/.rels
 13:30:12.686 [main] DEBUG org.apache.poi.openxml4j.opc.PackageRelationshipCollection - Parsing relationship: /xl/_rels/workbook.xml.rels
 13:30:12.687 [main] DEBUG org.apache.poi.openxml4j.opc.PackageRelationshipCollection - Parsing relationship: /xl/worksheets/_rels/sheet1.xml.rels
 13:30:12.689 [main] DEBUG org.apache.poi.openxml4j.opc.PackageRelationshipCollection - Parsing relationship: /_rels/.rels
 13:30:12.726 [main] DEBUG org.apache.poi.openxml4j.opc.PackageRelationshipCollection - Parsing relationship: /xl/_rels/workbook.xml.rels
 13:30:12.727 [main] DEBUG org.apache.poi.openxml4j.opc.PackageRelationshipCollection - Parsing relationship: /xl/worksheets/_rels/sheet1.xml.rels
 13:30:12.728 [main] DEBUG org.apache.poi.openxml4j.opc.PackageRelationshipCollection - Parsing relationship: /_rels/.rels
 13:30:12.761 [main] DEBUG org.apache.poi.openxml4j.opc.PackageRelationshipCollection - Parsing relationship: /xl/_rels/workbook.xml.rels
 13:30:12.762 [main] DEBUG org.apache.poi.openxml4j.opc.PackageRelationshipCollection - Parsing relationship: /xl/worksheets/_rels/sheet1.xml.rels
 13:30:12.764 [main] DEBUG org.apache.poi.openxml4j.opc.PackageRelationshipCollection - Parsing relationship: /_rels/.rels
 13:30:12.789 [main] DEBUG org.apache.poi.openxml4j.opc.PackageRelationshipCollection - Parsing relationship: /xl/_rels/workbook.xml.rels
 13:30:12.790 [main] DEBUG org.apache.poi.openxml4j.opc.PackageRelationshipCollection - Parsing relationship: /xl/worksheets/_rels/sheet1.xml.rels
 13:30:12.791 [main] DEBUG org.apache.poi.openxml4j.opc.PackageRelationshipCollection - Parsing relationship: /_rels/.rels
 13:30:12.815 [main] DEBUG org.apache.poi.openxml4j.opc.PackageRelationshipCollection - Parsing relationship: /xl/_rels/workbook.xml.rels
 13:30:12.816 [main] DEBUG org.apache.poi.openxml4j.opc.PackageRelationshipCollection - Parsing relationship: /xl/worksheets/_rels/sheet1.xml.rels
 13:30:12.817 [main] DEBUG org.apache.poi.openxml4j.opc.PackageRelationshipCollection - Parsing relationship: /_rels/.rels
 13:30:12.843 [main] DEBUG org.apache.poi.openxml4j.opc.PackageRelationshipCollection - Parsing relationship: /xl/_rels/workbook.xml.rels
 13:30:12.844 [main] DEBUG org.apache.poi.openxml4j.opc.PackageRelationshipCollection - Parsing relationship: /xl/worksheets/_rels/sheet1.xml.rels
 13:30:12.845 [main] DEBUG org.apache.poi.openxml4j.opc.PackageRelationshipCollection - Parsing relationship: /_rels/.rels
 13:30:12.869 [main] DEBUG org.apache.poi.openxml4j.opc.PackageRelationshipCollection - Parsing relationship: /xl/_rels/workbook.xml.rels
 13:30:12.871 [main] DEBUG org.apache.poi.openxml4j.opc.PackageRelationshipCollection - Parsing relationship: /xl/worksheets/_rels/sheet1.xml.rels
 13:30:12.872 [main] DEBUG org.apache.poi.openxml4j.opc.PackageRelationshipCollection - Parsing relationship: /_rels/.rels
 13:30:12.901 [main] DEBUG org.apache.poi.openxml4j.opc.PackageRelationshipCollection - Parsing relationship: /xl/_rels/workbook.xml.rels
 13:30:12.902 [main] DEBUG org.apache.poi.openxml4j.opc.PackageRelationshipCollection - Parsing relationship: /xl/worksheets/_rels/sheet1.xml.rels
 13:30:12.903 [main] DEBUG org.apache.poi.openxml4j.opc.PackageRelationshipCollection - Parsing relationship: /_rels/.rels
 13:30:12.927 [main] DEBUG org.apache.poi.openxml4j.opc.PackageRelationshipCollection - Parsing relationship: /xl/_rels/workbook.xml.rels
 13:30:12.928 [main] DEBUG org.apache.poi.openxml4j.opc.PackageRelationshipCollection - Parsing relationship: /xl/worksheets/_rels/sheet1.xml.rels
 13:30:12.929 [main] DEBUG org.apache.poi.openxml4j.opc.PackageRelationshipCollection - Parsing relationship: /_rels/.rels
 13:30:12.956 [main] DEBUG org.apache.poi.openxml4j.opc.PackageRelationshipCollection - Parsing relationship: /xl/_rels/workbook.xml.rels
 13:30:12.956 [main] DEBUG org.apache.poi.openxml4j.opc.PackageRelationshipCollection - Parsing relationship: /xl/worksheets/_rels/sheet1.xml.rels
 13:30:12.958 [main] DEBUG org.apache.poi.openxml4j.opc.PackageRelationshipCollection - Parsing relationship: /_rels/.rels
 13:30:12.982 [main] DEBUG org.apache.poi.openxml4j.opc.PackageRelationshipCollection - Parsing relationship: /xl/_rels/workbook.xml.rels
 13:30:12.983 [main] DEBUG org.apache.poi.openxml4j.opc.PackageRelationshipCollection - Parsing relationship: /xl/worksheets/_rels/sheet1.xml.rels
 13:30:12.984 [main] DEBUG org.apache.poi.openxml4j.opc.PackageRelationshipCollection - Parsing relationship: /_rels/.rels
 13:30:13.004 [main] DEBUG org.apache.poi.openxml4j.opc.PackageRelationshipCollection - Parsing relationship: /xl/_rels/workbook.xml.rels
 13:30:13.005 [main] DEBUG org.apache.poi.openxml4j.opc.PackageRelationshipCollection - Parsing relationship: /xl/worksheets/_rels/sheet1.xml.rels
 13:30:13.007 [main] DEBUG org.apache.poi.openxml4j.opc.PackageRelationshipCollection - Parsing relationship: /_rels/.rels
 13:30:13.031 [main] DEBUG org.apache.poi.openxml4j.opc.PackageRelationshipCollection - Parsing relationship: /xl/_rels/workbook.xml.rels
 13:30:13.032 [main] DEBUG org.apache.poi.openxml4j.opc.PackageRelationshipCollection - Parsing relationship: /xl/worksheets/_rels/sheet1.xml.rels
 13:30:13.034 [main] DEBUG org.apache.poi.openxml4j.opc.PackageRelationshipCollection - Parsing relationship: /_rels/.rels
 13:30:13.065 [main] DEBUG org.apache.poi.openxml4j.opc.PackageRelationshipCollection - Parsing relationship: /xl/_rels/workbook.xml.rels
 13:30:13.066 [main] DEBUG org.apache.poi.openxml4j.opc.PackageRelationshipCollection - Parsing relationship: /xl/worksheets/_rels/sheet1.xml.rels
 13:30:13.067 [main] DEBUG org.apache.poi.openxml4j.opc.PackageRelationshipCollection - Parsing relationship: /_rels/.rels
 13:30:13.095 [main] DEBUG org.apache.poi.openxml4j.opc.PackageRelationshipCollection - Parsing relationship: /xl/_rels/workbook.xml.rels
 13:30:13.096 [main] DEBUG org.apache.poi.openxml4j.opc.PackageRelationshipCollection - Parsing relationship: /xl/worksheets/_rels/sheet1.xml.rels
 13:30:13.097 [main] DEBUG org.apache.poi.openxml4j.opc.PackageRelationshipCollection - Parsing relationship: /_rels/.rels
 13:30:13.120 [main] DEBUG org.apache.poi.openxml4j.opc.PackageRelationshipCollection - Parsing relationship: /xl/_rels/workbook.xml.rels
 13:30:13.121 [main] DEBUG org.apache.poi.openxml4j.opc.PackageRelationshipCollection - Parsing relationship: /xl/worksheets/_rels/sheet1.xml.rels
 13:30:13.122 [main] DEBUG org.apache.poi.openxml4j.opc.PackageRelationshipCollection - Parsing relationship: /_rels/.rels
 13:30:13.171 [main] INFO  testCases.TC003_LoginDDT - ***** Starting TC003_LoginDDT *****
 13:30:24.084 [main] INFO  testCases.TC003_LoginDDT - ***** Starting TC003_LoginDDT *****
 13:30:34.584 [main] INFO  testCases.TC003_LoginDDT - ***** Finished TC003_LoginDDT *****
 13:30:34.600 [main] INFO  testCases.TC003_LoginDDT - ***** Starting TC003_LoginDDT *****
 13:30:45.135 [main] INFO  testCases.TC003_LoginDDT - ***** Finished TC003_LoginDDT *****
 13:30:45.148 [main] INFO  testCases.TC003_LoginDDT - ***** Starting TC003_LoginDDT *****
 13:30:55.666 [main] INFO  testCases.TC003_LoginDDT - ***** Finished TC003_LoginDDT *****
 13:30:55.666 [main] INFO  testCases.TC003_LoginDDT - ***** Starting TC003_LoginDDT *****
 13:31:06.215 [main] INFO  testCases.TC003_LoginDDT - ***** Finished TC003_LoginDDT *****
 13:38:59.100 [main] DEBUG org.testng.TestNG - suiteXmlPath: "C:\Users\shamb\eclipse-workspace\opencart_testng_1002\grouping.xml"
 13:38:59.363 [main] INFO  org.testng.internal.Utils - [TestNG] Running:
  C:\Users\shamb\eclipse-workspace\opencart_testng_1002\grouping.xml

 13:39:58.059 [main] DEBUG org.testng.TestNG - suiteXmlPath: "C:\Users\shamb\eclipse-workspace\opencart_testng_1002\grouping.xml"
 13:39:58.300 [main] INFO  org.testng.internal.Utils - [TestNG] Running:
  C:\Users\shamb\eclipse-workspace\opencart_testng_1002\grouping.xml

 13:40:28.949 [main] DEBUG org.testng.TestNG - suiteXmlPath: "C:\Users\shamb\eclipse-workspace\opencart_testng_1002\grouping.xml"
 13:40:29.232 [main] INFO  org.testng.internal.Utils - [TestNG] Running:
  C:\Users\shamb\eclipse-workspace\opencart_testng_1002\grouping.xml

 13:40:33.066 [main] INFO  testCases.TC001_AccountRegistration - ********* Starting TC001_AccountRegistration *********
 13:40:33.191 [main] INFO  testCases.TC001_AccountRegistration - Clicked on MyAccount Link 
 13:40:33.713 [main] INFO  testCases.TC001_AccountRegistration - Clicked on Register Link 
 13:40:33.715 [main] INFO  testCases.TC001_AccountRegistration - Providing Customer Details 
 13:40:34.966 [main] INFO  testCases.TC001_AccountRegistration - Validating expected message... 
 13:40:35.019 [main] INFO  testCases.TC001_AccountRegistration - ********* Finished TC001_AccountRegistration *********
 13:40:39.164 [main] INFO  testCases.TC002_LoginTest - ******** Starting TC002_LoginTest ********
 13:40:40.626 [main] INFO  testCases.TC002_LoginTest - ******** Finished TC002_LoginTest ********
 13:41:41.266 [main] DEBUG org.testng.TestNG - suiteXmlPath: "C:\Users\shamb\eclipse-workspace\opencart_testng_1002\grouping.xml"
 13:41:41.536 [main] INFO  org.testng.internal.Utils - [TestNG] Running:
  C:\Users\shamb\eclipse-workspace\opencart_testng_1002\grouping.xml

 13:41:45.360 [main] INFO  testCases.TC001_AccountRegistration - ********* Starting TC001_AccountRegistration *********
 13:41:45.478 [main] INFO  testCases.TC001_AccountRegistration - Clicked on MyAccount Link 
 13:41:45.771 [main] INFO  testCases.TC001_AccountRegistration - Clicked on Register Link 
 13:41:45.773 [main] INFO  testCases.TC001_AccountRegistration - Providing Customer Details 
 13:41:46.997 [main] INFO  testCases.TC001_AccountRegistration - Validating expected message... 
 13:41:47.039 [main] ERROR testCases.TC001_AccountRegistration - Test Failed..
 13:41:47.039 [main] DEBUG testCases.TC001_AccountRegistration - Debug logs
 13:41:51.319 [main] INFO  testCases.TC002_LoginTest - ******** Starting TC002_LoginTest ********
 15:29:01.477 [main] DEBUG org.testng.TestNG - suiteXmlPath: "C:\Users\shamb\eclipse-workspace\opencart_testng_1002\grouping.xml"
 15:29:01.759 [main] INFO  org.testng.internal.Utils - [TestNG] Running:
  C:\Users\shamb\eclipse-workspace\opencart_testng_1002\grouping.xml

 15:29:06.196 [main] INFO  testCases.TC001_AccountRegistration - ********* Starting TC001_AccountRegistration *********
 15:29:06.316 [main] INFO  testCases.TC001_AccountRegistration - Clicked on MyAccount Link 
 15:29:06.813 [main] INFO  testCases.TC001_AccountRegistration - Clicked on Register Link 
 15:29:06.816 [main] INFO  testCases.TC001_AccountRegistration - Providing Customer Details 
 15:29:07.935 [main] INFO  testCases.TC001_AccountRegistration - Validating expected message... 
 15:29:07.999 [main] ERROR testCases.TC001_AccountRegistration - Test Failed..
 15:29:07.999 [main] DEBUG testCases.TC001_AccountRegistration - Debug logs
 15:29:12.419 [main] INFO  testCases.TC002_LoginTest - ******** Starting TC002_LoginTest ********
 15:32:40.749 [main] DEBUG org.testng.TestNG - suiteXmlPath: "C:\Users\shamb\eclipse-workspace\opencart_testng_1002\grouping.xml"
 15:32:41.025 [main] INFO  org.testng.internal.Utils - [TestNG] Running:
  C:\Users\shamb\eclipse-workspace\opencart_testng_1002\grouping.xml

 15:32:44.809 [main] INFO  testCases.TC001_AccountRegistration - ********* Starting TC001_AccountRegistration *********
 15:32:44.961 [main] INFO  testCases.TC001_AccountRegistration - Clicked on MyAccount Link 
 15:32:45.374 [main] INFO  testCases.TC001_AccountRegistration - Clicked on Register Link 
 15:32:45.377 [main] INFO  testCases.TC001_AccountRegistration - Providing Customer Details 
 15:32:46.547 [main] INFO  testCases.TC001_AccountRegistration - Validating expected message... 
 15:32:46.589 [main] INFO  testCases.TC001_AccountRegistration - ********* Finished TC001_AccountRegistration *********
 15:32:50.457 [main] INFO  testCases.TC002_LoginTest - ******** Starting TC002_LoginTest ********
 15:35:57.698 [main] DEBUG org.testng.TestNG - suiteXmlPath: "C:\Users\shamb\eclipse-workspace\opencart_testng_1002\test-output\testng-failed.xml"
 15:35:58.001 [main] INFO  org.testng.internal.Utils - [TestNG] Running:
  C:\Users\shamb\eclipse-workspace\opencart_testng_1002\test-output\testng-failed.xml

 15:36:01.423 [main] INFO  testCases.TC002_LoginTest - ******** Starting TC002_LoginTest ********
 15:36:02.800 [main] INFO  testCases.TC002_LoginTest - ******** Finished TC002_LoginTest ********
 19:15:39.059 [main] DEBUG org.testng.TestNG - suiteXmlPath: "C:\Users\shamb\eclipse-workspace\opencart_testng_1002\master.xml"
 19:15:39.336 [main] INFO  org.testng.internal.Utils - [TestNG] Running:
  C:\Users\shamb\eclipse-workspace\opencart_testng_1002\master.xml

 19:15:43.770 [main] DEBUG org.apache.poi.openxml4j.opc.PackageRelationshipCollection - Parsing relationship: /xl/_rels/workbook.xml.rels
 19:15:43.774 [main] DEBUG org.apache.poi.openxml4j.opc.PackageRelationshipCollection - Parsing relationship: /xl/worksheets/_rels/sheet1.xml.rels
 19:15:43.777 [main] DEBUG org.apache.poi.openxml4j.opc.PackageRelationshipCollection - Parsing relationship: /_rels/.rels
 19:15:44.683 [main] DEBUG org.apache.poi.openxml4j.opc.PackageRelationshipCollection - Parsing relationship: /xl/_rels/workbook.xml.rels
 19:15:44.685 [main] DEBUG org.apache.poi.openxml4j.opc.PackageRelationshipCollection - Parsing relationship: /xl/worksheets/_rels/sheet1.xml.rels
 19:15:44.689 [main] DEBUG org.apache.poi.openxml4j.opc.PackageRelationshipCollection - Parsing relationship: /_rels/.rels
 19:15:44.735 [main] DEBUG org.apache.poi.openxml4j.opc.PackageRelationshipCollection - Parsing relationship: /xl/_rels/workbook.xml.rels
 19:15:44.736 [main] DEBUG org.apache.poi.openxml4j.opc.PackageRelationshipCollection - Parsing relationship: /xl/worksheets/_rels/sheet1.xml.rels
 19:15:44.737 [main] DEBUG org.apache.poi.openxml4j.opc.PackageRelationshipCollection - Parsing relationship: /_rels/.rels
 19:15:44.770 [main] DEBUG org.apache.poi.openxml4j.opc.PackageRelationshipCollection - Parsing relationship: /xl/_rels/workbook.xml.rels
 19:15:44.771 [main] DEBUG org.apache.poi.openxml4j.opc.PackageRelationshipCollection - Parsing relationship: /xl/worksheets/_rels/sheet1.xml.rels
 19:15:44.773 [main] DEBUG org.apache.poi.openxml4j.opc.PackageRelationshipCollection - Parsing relationship: /_rels/.rels
 19:15:44.796 [main] DEBUG org.apache.poi.openxml4j.opc.PackageRelationshipCollection - Parsing relationship: /xl/_rels/workbook.xml.rels
 19:15:44.797 [main] DEBUG org.apache.poi.openxml4j.opc.PackageRelationshipCollection - Parsing relationship: /xl/worksheets/_rels/sheet1.xml.rels
 19:15:44.798 [main] DEBUG org.apache.poi.openxml4j.opc.PackageRelationshipCollection - Parsing relationship: /_rels/.rels
 19:15:44.822 [main] DEBUG org.apache.poi.openxml4j.opc.PackageRelationshipCollection - Parsing relationship: /xl/_rels/workbook.xml.rels
 19:15:44.823 [main] DEBUG org.apache.poi.openxml4j.opc.PackageRelationshipCollection - Parsing relationship: /xl/worksheets/_rels/sheet1.xml.rels
 19:15:44.824 [main] DEBUG org.apache.poi.openxml4j.opc.PackageRelationshipCollection - Parsing relationship: /_rels/.rels
 19:15:44.848 [main] DEBUG org.apache.poi.openxml4j.opc.PackageRelationshipCollection - Parsing relationship: /xl/_rels/workbook.xml.rels
 19:15:44.849 [main] DEBUG org.apache.poi.openxml4j.opc.PackageRelationshipCollection - Parsing relationship: /xl/worksheets/_rels/sheet1.xml.rels
 19:15:44.851 [main] DEBUG org.apache.poi.openxml4j.opc.PackageRelationshipCollection - Parsing relationship: /_rels/.rels
 19:15:44.876 [main] DEBUG org.apache.poi.openxml4j.opc.PackageRelationshipCollection - Parsing relationship: /xl/_rels/workbook.xml.rels
 19:15:44.877 [main] DEBUG org.apache.poi.openxml4j.opc.PackageRelationshipCollection - Parsing relationship: /xl/worksheets/_rels/sheet1.xml.rels
 19:15:44.878 [main] DEBUG org.apache.poi.openxml4j.opc.PackageRelationshipCollection - Parsing relationship: /_rels/.rels
 19:15:44.904 [main] DEBUG org.apache.poi.openxml4j.opc.PackageRelationshipCollection - Parsing relationship: /xl/_rels/workbook.xml.rels
 19:15:44.905 [main] DEBUG org.apache.poi.openxml4j.opc.PackageRelationshipCollection - Parsing relationship: /xl/worksheets/_rels/sheet1.xml.rels
 19:15:44.906 [main] DEBUG org.apache.poi.openxml4j.opc.PackageRelationshipCollection - Parsing relationship: /_rels/.rels
 19:15:44.927 [main] DEBUG org.apache.poi.openxml4j.opc.PackageRelationshipCollection - Parsing relationship: /xl/_rels/workbook.xml.rels
 19:15:44.928 [main] DEBUG org.apache.poi.openxml4j.opc.PackageRelationshipCollection - Parsing relationship: /xl/worksheets/_rels/sheet1.xml.rels
 19:15:44.929 [main] DEBUG org.apache.poi.openxml4j.opc.PackageRelationshipCollection - Parsing relationship: /_rels/.rels
 19:15:44.955 [main] DEBUG org.apache.poi.openxml4j.opc.PackageRelationshipCollection - Parsing relationship: /xl/_rels/workbook.xml.rels
 19:15:44.956 [main] DEBUG org.apache.poi.openxml4j.opc.PackageRelationshipCollection - Parsing relationship: /xl/worksheets/_rels/sheet1.xml.rels
 19:15:44.957 [main] DEBUG org.apache.poi.openxml4j.opc.PackageRelationshipCollection - Parsing relationship: /_rels/.rels
 19:15:44.979 [main] DEBUG org.apache.poi.openxml4j.opc.PackageRelationshipCollection - Parsing relationship: /xl/_rels/workbook.xml.rels
 19:15:44.980 [main] DEBUG org.apache.poi.openxml4j.opc.PackageRelationshipCollection - Parsing relationship: /xl/worksheets/_rels/sheet1.xml.rels
 19:15:44.981 [main] DEBUG org.apache.poi.openxml4j.opc.PackageRelationshipCollection - Parsing relationship: /_rels/.rels
 19:15:45.003 [main] DEBUG org.apache.poi.openxml4j.opc.PackageRelationshipCollection - Parsing relationship: /xl/_rels/workbook.xml.rels
 19:15:45.004 [main] DEBUG org.apache.poi.openxml4j.opc.PackageRelationshipCollection - Parsing relationship: /xl/worksheets/_rels/sheet1.xml.rels
 19:15:45.004 [main] DEBUG org.apache.poi.openxml4j.opc.PackageRelationshipCollection - Parsing relationship: /_rels/.rels
 19:15:45.065 [main] DEBUG org.apache.poi.openxml4j.opc.PackageRelationshipCollection - Parsing relationship: /xl/_rels/workbook.xml.rels
 19:15:45.067 [main] DEBUG org.apache.poi.openxml4j.opc.PackageRelationshipCollection - Parsing relationship: /xl/worksheets/_rels/sheet1.xml.rels
 19:15:45.070 [main] DEBUG org.apache.poi.openxml4j.opc.PackageRelationshipCollection - Parsing relationship: /_rels/.rels
 19:15:45.135 [main] DEBUG org.apache.poi.openxml4j.opc.PackageRelationshipCollection - Parsing relationship: /xl/_rels/workbook.xml.rels
 19:15:45.137 [main] DEBUG org.apache.poi.openxml4j.opc.PackageRelationshipCollection - Parsing relationship: /xl/worksheets/_rels/sheet1.xml.rels
 19:15:45.139 [main] DEBUG org.apache.poi.openxml4j.opc.PackageRelationshipCollection - Parsing relationship: /_rels/.rels
 19:15:45.189 [main] DEBUG org.apache.poi.openxml4j.opc.PackageRelationshipCollection - Parsing relationship: /xl/_rels/workbook.xml.rels
 19:15:45.191 [main] DEBUG org.apache.poi.openxml4j.opc.PackageRelationshipCollection - Parsing relationship: /xl/worksheets/_rels/sheet1.xml.rels
 19:15:45.193 [main] DEBUG org.apache.poi.openxml4j.opc.PackageRelationshipCollection - Parsing relationship: /_rels/.rels
 19:15:45.231 [main] DEBUG org.apache.poi.openxml4j.opc.PackageRelationshipCollection - Parsing relationship: /xl/_rels/workbook.xml.rels
 19:15:45.233 [main] DEBUG org.apache.poi.openxml4j.opc.PackageRelationshipCollection - Parsing relationship: /xl/worksheets/_rels/sheet1.xml.rels
 19:15:45.234 [main] DEBUG org.apache.poi.openxml4j.opc.PackageRelationshipCollection - Parsing relationship: /_rels/.rels
 19:15:45.310 [main] INFO  testCases.TC003_LoginDDT - ***** Starting TC003_LoginDDT *****
 19:16:13.838 [main] DEBUG org.testng.TestNG - suiteXmlPath: "C:\Users\shamb\eclipse-workspace\opencart_testng_1002\master.xml"
 19:16:14.111 [main] INFO  org.testng.internal.Utils - [TestNG] Running:
  C:\Users\shamb\eclipse-workspace\opencart_testng_1002\master.xml

 19:16:18.663 [main] INFO  testCases.TC001_AccountRegistration - ********* Starting TC001_AccountRegistration *********
 19:16:18.764 [main] INFO  testCases.TC001_AccountRegistration - Clicked on MyAccount Link 
 19:16:19.112 [main] INFO  testCases.TC001_AccountRegistration - Clicked on Register Link 
 19:16:19.114 [main] INFO  testCases.TC001_AccountRegistration - Providing Customer Details 
 19:16:20.394 [main] INFO  testCases.TC001_AccountRegistration - Validating expected message... 
 19:16:20.440 [main] INFO  testCases.TC001_AccountRegistration - ********* Finished TC001_AccountRegistration *********
 19:16:24.290 [main] INFO  testCases.TC002_LoginTest - ******** Starting TC002_LoginTest ********
 19:16:25.544 [main] INFO  testCases.TC002_LoginTest - ******** Finished TC002_LoginTest ********
 19:19:22.812 [main] DEBUG org.testng.TestNG - suiteXmlPath: "C:\Users\shamb\eclipse-workspace\opencart_testng_1002\master.xml"
 19:19:23.071 [main] INFO  org.testng.internal.Utils - [TestNG] Running:
  C:\Users\shamb\eclipse-workspace\opencart_testng_1002\master.xml

 19:19:27.450 [main] INFO  testCases.TC001_AccountRegistration - ********* Starting TC001_AccountRegistration *********
 19:19:27.553 [main] INFO  testCases.TC001_AccountRegistration - Clicked on MyAccount Link 
 19:19:28.037 [main] INFO  testCases.TC001_AccountRegistration - Clicked on Register Link 
 19:19:28.048 [main] INFO  testCases.TC001_AccountRegistration - Providing Customer Details 
 19:19:29.341 [main] INFO  testCases.TC001_AccountRegistration - Validating expected message... 
 19:19:29.384 [main] INFO  testCases.TC001_AccountRegistration - ********* Finished TC001_AccountRegistration *********
 19:19:33.433 [main] INFO  testCases.TC002_LoginTest - ******** Starting TC002_LoginTest ********
 19:19:34.707 [main] INFO  testCases.TC002_LoginTest - ******** Finished TC002_LoginTest ********
 19:20:06.498 [main] DEBUG org.testng.TestNG - suiteXmlPath: "C:\Users\shamb\eclipse-workspace\opencart_testng_1002\master.xml"
 19:20:06.758 [main] INFO  org.testng.internal.Utils - [TestNG] Running:
  C:\Users\shamb\eclipse-workspace\opencart_testng_1002\master.xml

 19:22:24.649 [main] DEBUG org.testng.TestNG - suiteXmlPath: "C:\Users\shamb\eclipse-workspace\opencart_testng_1002\master.xml"
 19:22:24.912 [main] INFO  org.testng.internal.Utils - [TestNG] Running:
  C:\Users\shamb\eclipse-workspace\opencart_testng_1002\master.xml

 19:23:29.719 [main] DEBUG org.testng.TestNG - suiteXmlPath: "C:\Users\shamb\eclipse-workspace\opencart_testng_1002\master.xml"
 19:23:29.989 [main] INFO  org.testng.internal.Utils - [TestNG] Running:
  C:\Users\shamb\eclipse-workspace\opencart_testng_1002\master.xml

 19:25:11.959 [main] DEBUG org.testng.TestNG - suiteXmlPath: "C:\Users\shamb\eclipse-workspace\opencart_testng_1002\master.xml"
 19:25:12.204 [main] INFO  org.testng.internal.Utils - [TestNG] Running:
  C:\Users\shamb\eclipse-workspace\opencart_testng_1002\master.xml

 19:26:17.628 [main] DEBUG org.testng.TestNG - suiteXmlPath: "C:\Users\shamb\eclipse-workspace\opencart_testng_1002\master.xml"
 19:26:17.894 [main] INFO  org.testng.internal.Utils - [TestNG] Running:
  C:\Users\shamb\eclipse-workspace\opencart_testng_1002\master.xml

 19:27:29.882 [main] DEBUG org.testng.TestNG - suiteXmlPath: "C:\Users\shamb\eclipse-workspace\opencart_testng_1002\master.xml"
 19:27:30.174 [main] INFO  org.testng.internal.Utils - [TestNG] Running:
  C:\Users\shamb\eclipse-workspace\opencart_testng_1002\master.xml

 19:28:55.188 [main] DEBUG org.testng.TestNG - suiteXmlPath: "C:\Users\shamb\eclipse-workspace\opencart_testng_1002\master.xml"
 19:28:55.467 [main] INFO  org.testng.internal.Utils - [TestNG] Running:
  C:\Users\shamb\eclipse-workspace\opencart_testng_1002\master.xml

 19:29:47.105 [main] DEBUG org.testng.TestNG - suiteXmlPath: "C:\Users\shamb\eclipse-workspace\opencart_testng_1002\master.xml"
 19:29:47.383 [main] INFO  org.testng.internal.Utils - [TestNG] Running:
  C:\Users\shamb\eclipse-workspace\opencart_testng_1002\master.xml

 19:32:50.673 [main] DEBUG org.testng.TestNG - suiteXmlPath: "C:\Users\shamb\eclipse-workspace\opencart_testng_1002\master.xml"
 19:32:50.948 [main] INFO  org.testng.internal.Utils - [TestNG] Running:
  C:\Users\shamb\eclipse-workspace\opencart_testng_1002\master.xml

 19:56:22.622 [main] DEBUG org.testng.TestNG - suiteXmlPath: "C:\Users\shamb\eclipse-workspace\opencart_testng_1002\master.xml"
 19:56:22.877 [main] INFO  org.testng.internal.Utils - [TestNG] Running:
  C:\Users\shamb\eclipse-workspace\opencart_testng_1002\master.xml

 19:56:51.294 [main] DEBUG org.testng.TestNG - suiteXmlPath: "C:\Users\shamb\eclipse-workspace\opencart_testng_1002\master.xml"
 19:56:51.571 [main] INFO  org.testng.internal.Utils - [TestNG] Running:
  C:\Users\shamb\eclipse-workspace\opencart_testng_1002\master.xml

 